<?xml version="1.0" encoding="UTF-8"?>
<!-- Generated by org.testng.reporters.JUnitReportReporter -->
<testsuite skipped="0" hostname="INCHCMPC09956" name="com.mmt.base.BasePage" tests="1" failures="0" timestamp="29 Nov 2019 06:32:04 GMT" time="8.502" errors="0">
  <testcase name="readConfig" time="8.502" classname="com.mmt.base.BasePage"/>
</testsuite> <!-- com.mmt.base.BasePage -->
